@!@!@STARTMSG 2262:0 @!@!@
TLC2 Version 2.15 of Day Month 20?? (rev: eb3ff99)
@!@!@ENDMSG 2262 @!@!@
@!@!@STARTMSG 2187:0 @!@!@
Running breadth-first search Model-Checking with fp 124 and seed -8080536728673620548 with 6 workers on 12 cores with 1214MB heap and 2730MB offheap memory [pid: 20492] (Mac OS X 10.15.7 x86_64, AdoptOpenJDK 14.0.1 x86_64, OffHeapDiskFPSet, DiskStateQueue).
@!@!@ENDMSG 2187 @!@!@
@!@!@STARTMSG 2220:0 @!@!@
Starting SANY...
@!@!@ENDMSG 2220 @!@!@
Parsing file /Users/c/Documents/GitHub/audits/ibc/ics20/tla-2chain/xctx_instance.toolbox/Model_1/MC.tla
Parsing file /Users/c/Documents/GitHub/audits/ibc/ics20/tla-2chain/xctx_instance.toolbox/Model_1/xctx_instance.tla
Parsing file /private/var/folders/ns/hbkmcdjd7y90myw1w1sq36k80000gn/T/AppTranslocation/F48F6941-F9AA-4CEA-923B-9D4643E80119/d/TLA+ Toolbox.app/Contents/Eclipse/plugins/org.lamport.tlatools_1.0.0.202004251858/tla2sany/StandardModules/TLC.tla
Parsing file /Users/c/Documents/GitHub/audits/ibc/ics20/tla-2chain/xctx_instance.toolbox/Model_1/xctx.tla
Parsing file /private/var/folders/ns/hbkmcdjd7y90myw1w1sq36k80000gn/T/AppTranslocation/F48F6941-F9AA-4CEA-923B-9D4643E80119/d/TLA+ Toolbox.app/Contents/Eclipse/plugins/org.lamport.tlatools_1.0.0.202004251858/tla2sany/StandardModules/Integers.tla
Parsing file /private/var/folders/ns/hbkmcdjd7y90myw1w1sq36k80000gn/T/AppTranslocation/F48F6941-F9AA-4CEA-923B-9D4643E80119/d/TLA+ Toolbox.app/Contents/Eclipse/plugins/org.lamport.tlatools_1.0.0.202004251858/tla2sany/StandardModules/FiniteSets.tla
Parsing file /private/var/folders/ns/hbkmcdjd7y90myw1w1sq36k80000gn/T/AppTranslocation/F48F6941-F9AA-4CEA-923B-9D4643E80119/d/TLA+ Toolbox.app/Contents/Eclipse/plugins/org.lamport.tlatools_1.0.0.202004251858/tla2sany/StandardModules/Sequences.tla
Parsing file /private/var/folders/ns/hbkmcdjd7y90myw1w1sq36k80000gn/T/AppTranslocation/F48F6941-F9AA-4CEA-923B-9D4643E80119/d/TLA+ Toolbox.app/Contents/Eclipse/plugins/org.lamport.tlatools_1.0.0.202004251858/tla2sany/StandardModules/Naturals.tla
Semantic processing of module Naturals
Semantic processing of module Integers
Semantic processing of module Sequences
Semantic processing of module FiniteSets
Semantic processing of module xctx
Semantic processing of module xctx_instance
Semantic processing of module TLC
Semantic processing of module MC
@!@!@STARTMSG 2219:0 @!@!@
SANY finished.
@!@!@ENDMSG 2219 @!@!@
@!@!@STARTMSG 2185:0 @!@!@
Starting... (2020-11-13 15:51:16)
@!@!@ENDMSG 2185 @!@!@
@!@!@STARTMSG 2189:0 @!@!@
Computing initial states...
@!@!@ENDMSG 2189 @!@!@
@!@!@STARTMSG 2190:0 @!@!@
Finished computing initial states: 1 distinct state generated at 2020-11-13 15:51:16.
@!@!@ENDMSG 2190 @!@!@
@!@!@STARTMSG 2109:1 @!@!@
Successor state is not completely specified by the next-state action. The following variable is not assigned: pending.

@!@!@ENDMSG 2109 @!@!@
@!@!@STARTMSG 2121:1 @!@!@
The behavior up to this point is:
@!@!@ENDMSG 2121 @!@!@
@!@!@STARTMSG 2217:4 @!@!@
1: <Initial predicate>
/\ error = FALSE
/\ bank = (<<"A", <<"a1">>, <<"atom">>>> :> 5)
/\ pending = {}
/\ step = "execute"
/\ upcomingEvent = [ packet |->
      [ sourcePort |-> "bucky",
        sourceChannel |-> "bucky",
        destPort |-> "zarko",
        destChannel |-> "zarko",
        data |->
            [ sender |-> <<"a1">>,
              receiver |-> <<"a2">>,
              denom |-> <<"atom">>,
              amount |-> 3 ] ],
  function |-> "snd",
  chain |-> "A" ]

@!@!@ENDMSG 2217 @!@!@
@!@!@STARTMSG 2217:4 @!@!@
2: <Next line 41, col 2 to line 41, col 14 of module xctx_instance>
/\ error = FALSE
/\ bank = ( <<"A", <<"a1">>, <<"atom">>>> :> 2 @@
  <<"A", <<"bucky", "bucky">>, <<"atom">>>> :> 3 )
/\ pending = { [ packet |->
        [ sourcePort |-> "bucky",
          sourceChannel |-> "bucky",
          destPort |-> "zarko",
          destChannel |-> "zarko",
          data |->
              [ sender |-> <<"a1">>,
                receiver |-> <<"a2">>,
                denom |-> <<"atom">>,
                amount |-> 3 ] ],
    function |-> "rcv",
    chain |-> "B" ] }
/\ step = "pick"
/\ upcomingEvent = [ packet |->
      [ sourcePort |-> "bucky",
        sourceChannel |-> "bucky",
        destPort |-> "zarko",
        destChannel |-> "zarko",
        data |->
            [ sender |-> <<"a1">>,
              receiver |-> <<"a2">>,
              denom |-> <<"atom">>,
              amount |-> 3 ] ],
  function |-> "snd",
  chain |-> "A" ]

@!@!@ENDMSG 2217 @!@!@
@!@!@STARTMSG 2217:4 @!@!@
3: <Next line 41, col 2 to line 41, col 14 of module xctx_instance>
/\ error = FALSE
/\ bank = ( <<"A", <<"a1">>, <<"atom">>>> :> 2 @@
  <<"A", <<"bucky", "bucky">>, <<"atom">>>> :> 3 )
/\ pending = {}
/\ step = "execute"
/\ upcomingEvent = [ packet |->
      [ sourcePort |-> "bucky",
        sourceChannel |-> "bucky",
        destPort |-> "zarko",
        destChannel |-> "zarko",
        data |->
            [ sender |-> <<"a1">>,
              receiver |-> <<"a2">>,
              denom |-> <<"atom">>,
              amount |-> 3 ] ],
  function |-> "rcv",
  chain |-> "B" ]

@!@!@ENDMSG 2217 @!@!@
@!@!@STARTMSG 2217:4 @!@!@
4: <Next line 41, col 2 to line 41, col 14 of module xctx_instance>
/\ error = FALSE
/\ bank = ( <<"A", <<"a1">>, <<"atom">>>> :> 2 @@
  <<"A", <<"bucky", "bucky">>, <<"atom">>>> :> 3 @@
  <<"B", <<"a2">>, <<"zarko", "zarko", "atom">>>> :> 3 )
/\ pending = null
/\ step = "pick"
/\ upcomingEvent = [ packet |->
      [ sourcePort |-> "bucky",
        sourceChannel |-> "bucky",
        destPort |-> "zarko",
        destChannel |-> "zarko",
        data |->
            [ sender |-> <<"a1">>,
              receiver |-> <<"a2">>,
              denom |-> <<"atom">>,
              amount |-> 3 ] ],
  function |-> "rcv",
  chain |-> "B" ]

@!@!@ENDMSG 2217 @!@!@
@!@!@STARTMSG 2201:0 @!@!@
The coverage statistics at 2020-11-13 15:51:16
@!@!@ENDMSG 2201 @!@!@
@!@!@STARTMSG 2773:0 @!@!@
<Init line 41, col 2 to line 41, col 14 of module xctx_instance>: 2:2
@!@!@ENDMSG 2773 @!@!@
@!@!@STARTMSG 2221:0 @!@!@
  line 229, col 3 to line 233, col 28 of module xctx: 2
@!@!@ENDMSG 2221 @!@!@
@!@!@STARTMSG 2772:0 @!@!@
<Next line 41, col 2 to line 41, col 14 of module xctx_instance>: 2:6
@!@!@ENDMSG 2772 @!@!@
@!@!@STARTMSG 2221:0 @!@!@
  line 41, col 2 to line 41, col 14 of module xctx_instance: 2
@!@!@ENDMSG 2221 @!@!@
@!@!@STARTMSG 2221:0 @!@!@
  line 41, col 2 to line 41, col 14 of module xctx_instance: 20
@!@!@ENDMSG 2221 @!@!@
@!@!@STARTMSG 2221:0 @!@!@
  line 41, col 2 to line 41, col 14 of module xctx_instance: 4
@!@!@ENDMSG 2221 @!@!@
@!@!@STARTMSG 2221:0 @!@!@
  line 41, col 2 to line 41, col 14 of module xctx_instance: 18
@!@!@ENDMSG 2221 @!@!@
@!@!@STARTMSG 2221:0 @!@!@
  line 41, col 2 to line 41, col 14 of module xctx_instance: 8
@!@!@ENDMSG 2221 @!@!@
@!@!@STARTMSG 2221:0 @!@!@
  line 41, col 2 to line 41, col 14 of module xctx_instance: 2
@!@!@ENDMSG 2221 @!@!@
@!@!@STARTMSG 2221:0 @!@!@
  line 41, col 2 to line 41, col 14 of module xctx_instance: 2
@!@!@ENDMSG 2221 @!@!@
@!@!@STARTMSG 2221:0 @!@!@
  line 41, col 2 to line 41, col 14 of module xctx_instance: 2
@!@!@ENDMSG 2221 @!@!@
@!@!@STARTMSG 2221:0 @!@!@
  line 41, col 2 to line 41, col 14 of module xctx_instance: 22
@!@!@ENDMSG 2221 @!@!@
@!@!@STARTMSG 2221:0 @!@!@
  line 41, col 2 to line 41, col 14 of module xctx_instance: 4
@!@!@ENDMSG 2221 @!@!@
@!@!@STARTMSG 2221:0 @!@!@
  line 246, col 13 to line 246, col 43 of module xctx: 6
@!@!@ENDMSG 2221 @!@!@
@!@!@STARTMSG 2221:0 @!@!@
  line 246, col 48 to line 246, col 59 of module xctx: 2
@!@!@ENDMSG 2221 @!@!@
@!@!@STARTMSG 2221:0 @!@!@
  line 246, col 64 to line 246, col 82 of module xctx: 0
@!@!@ENDMSG 2221 @!@!@
@!@!@STARTMSG 2221:0 @!@!@
  line 247, col 24 to line 247, col 73 of module xctx: 0
@!@!@ENDMSG 2221 @!@!@
@!@!@STARTMSG 2221:0 @!@!@
  line 249, col 12 to line 249, col 24 of module xctx: 8
@!@!@ENDMSG 2221 @!@!@
@!@!@STARTMSG 2221:0 @!@!@
  |line 249, col 12 to line 249, col 15 of module xctx: 6
@!@!@ENDMSG 2221 @!@!@
@!@!@STARTMSG 2221:0 @!@!@
  line 250, col 16 to line 250, col 37 of module xctx: 2
@!@!@ENDMSG 2221 @!@!@
@!@!@STARTMSG 2221:0 @!@!@
  line 251, col 20 to line 251, col 29 of module xctx: 2
@!@!@ENDMSG 2221 @!@!@
@!@!@STARTMSG 2221:0 @!@!@
  line 252, col 21 to line 252, col 48 of module xctx: 2
@!@!@ENDMSG 2221 @!@!@
@!@!@STARTMSG 2221:0 @!@!@
  line 254, col 21 to line 254, col 37 of module xctx: 0
@!@!@ENDMSG 2221 @!@!@
@!@!@STARTMSG 2221:0 @!@!@
  line 255, col 16 to line 255, col 32 of module xctx: 2
@!@!@ENDMSG 2221 @!@!@
@!@!@STARTMSG 2221:0 @!@!@
  line 256, col 16 to line 256, col 41 of module xctx: 2
@!@!@ENDMSG 2221 @!@!@
@!@!@STARTMSG 2221:0 @!@!@
  line 249, col 43 to line 249, col 49 of module xctx: 2
@!@!@ENDMSG 2221 @!@!@
@!@!@STARTMSG 2221:0 @!@!@
  line 258, col 12 to line 258, col 27 of module xctx: 9
@!@!@ENDMSG 2221 @!@!@
@!@!@STARTMSG 2221:0 @!@!@
  |line 258, col 12 to line 258, col 15 of module xctx: 6
@!@!@ENDMSG 2221 @!@!@
@!@!@STARTMSG 2221:0 @!@!@
  line 259, col 18 to line 259, col 31 of module xctx: 3
@!@!@ENDMSG 2221 @!@!@
@!@!@STARTMSG 2221:0 @!@!@
  line 237, col 8 to line 237, col 37 of module xctx: 6
@!@!@ENDMSG 2221 @!@!@
@!@!@STARTMSG 2221:0 @!@!@
  |line 237, col 8 to line 237, col 29 of module xctx: 4
@!@!@ENDMSG 2221 @!@!@
@!@!@STARTMSG 2221:0 @!@!@
  line 200, col 7 to line 200, col 59 of module xctx: 2
@!@!@ENDMSG 2221 @!@!@
@!@!@STARTMSG 2221:0 @!@!@
  line 202, col 12 to line 202, col 25 of module xctx: 2
@!@!@ENDMSG 2221 @!@!@
@!@!@STARTMSG 2221:0 @!@!@
  line 203, col 12 to line 203, col 33 of module xctx: 2
@!@!@ENDMSG 2221 @!@!@
@!@!@STARTMSG 2221:0 @!@!@
  line 204, col 15 to line 204, col 31 of module xctx: 2
@!@!@ENDMSG 2221 @!@!@
@!@!@STARTMSG 2221:0 @!@!@
  line 212, col 17 to line 213, col 74 of module xctx: 2
@!@!@ENDMSG 2221 @!@!@
@!@!@STARTMSG 2221:0 @!@!@
  line 217, col 17 to line 217, col 84 of module xctx: 0
@!@!@ENDMSG 2221 @!@!@
@!@!@STARTMSG 2221:0 @!@!@
  line 219, col 11 to line 219, col 23 of module xctx: 0
@!@!@ENDMSG 2221 @!@!@
@!@!@STARTMSG 2221:0 @!@!@
  line 220, col 11 to line 220, col 37 of module xctx: 0
@!@!@ENDMSG 2221 @!@!@
@!@!@STARTMSG 2221:0 @!@!@
  line 238, col 33 to line 238, col 51 of module xctx: 2
@!@!@ENDMSG 2221 @!@!@
@!@!@STARTMSG 2221:0 @!@!@
  line 238, col 54 to line 238, col 73 of module xctx: 2
@!@!@ENDMSG 2221 @!@!@
@!@!@STARTMSG 2221:0 @!@!@
  line 261, col 35 to line 261, col 64 of module xctx: 2
@!@!@ENDMSG 2221 @!@!@
@!@!@STARTMSG 2221:0 @!@!@
  line 241, col 8 to line 241, col 37 of module xctx: 5
@!@!@ENDMSG 2221 @!@!@
@!@!@STARTMSG 2221:0 @!@!@
  |line 241, col 8 to line 241, col 29 of module xctx: 4
@!@!@ENDMSG 2221 @!@!@
@!@!@STARTMSG 2221:0 @!@!@
  line 129, col 7 to line 129, col 36 of module xctx: 2
@!@!@ENDMSG 2221 @!@!@
@!@!@STARTMSG 2221:0 @!@!@
  line 131, col 12 to line 131, col 25 of module xctx: 1
@!@!@ENDMSG 2221 @!@!@
@!@!@STARTMSG 2221:0 @!@!@
  |line 131, col 21 to line 131, col 25 of module xctx: 2
@!@!@ENDMSG 2221 @!@!@
@!@!@STARTMSG 2221:0 @!@!@
  line 132, col 15 to line 132, col 30 of module xctx: 2
@!@!@ENDMSG 2221 @!@!@
@!@!@STARTMSG 2221:0 @!@!@
  line 138, col 17 to line 140, col 64 of module xctx: 0
@!@!@ENDMSG 2221 @!@!@
@!@!@STARTMSG 2221:0 @!@!@
  line 147, col 17 to line 148, col 81 of module xctx: 1
@!@!@ENDMSG 2221 @!@!@
@!@!@STARTMSG 2221:0 @!@!@
  |line 147, col 25 to line 148, col 81 of module xctx: 2
@!@!@ENDMSG 2221 @!@!@
@!@!@STARTMSG 2221:0 @!@!@
  line 150, col 11 to line 150, col 23 of module xctx: 0
@!@!@ENDMSG 2221 @!@!@
@!@!@STARTMSG 2221:0 @!@!@
  line 151, col 11 to line 151, col 24 of module xctx: 0
@!@!@ENDMSG 2221 @!@!@
@!@!@STARTMSG 2221:0 @!@!@
  line 242, col 25 to line 242, col 43 of module xctx: 2
@!@!@ENDMSG 2221 @!@!@
@!@!@STARTMSG 2221:0 @!@!@
  line 242, col 46 to line 242, col 65 of module xctx: 2
@!@!@ENDMSG 2221 @!@!@
@!@!@STARTMSG 2221:0 @!@!@
  line 262, col 35 to line 262, col 64 of module xctx: 1
@!@!@ENDMSG 2221 @!@!@
@!@!@STARTMSG 2221:0 @!@!@
  |line 262, col 52 to line 262, col 64 of module xctx: 2
@!@!@ENDMSG 2221 @!@!@
@!@!@STARTMSG 2202:0 @!@!@
End of statistics.
@!@!@ENDMSG 2202 @!@!@
@!@!@STARTMSG 2200:0 @!@!@
Progress(3) at 2020-11-13 15:51:16: 4 states generated (240 s/min), 3 distinct states found (180 ds/min), 0 states left on queue.
@!@!@ENDMSG 2200 @!@!@
@!@!@STARTMSG 2199:0 @!@!@
4 states generated, 3 distinct states found, 0 states left on queue.
@!@!@ENDMSG 2199 @!@!@
@!@!@STARTMSG 2194:0 @!@!@
The depth of the complete state graph search is 3.
@!@!@ENDMSG 2194 @!@!@
@!@!@STARTMSG 2268:0 @!@!@
The average outdegree of the complete state graph is 1 (minimum is 1, the maximum 1 and the 95th percentile is 1).
@!@!@ENDMSG 2268 @!@!@
@!@!@STARTMSG 2186:0 @!@!@
Finished in 1006ms at (2020-11-13 15:51:16)
@!@!@ENDMSG 2186 @!@!@
